2025-08-11 15:33:06,500 - INFO - X Commenter Bot (Smart Filtering) initialized. Log file: logs/x_commenter_20250811_153306.log
2025-08-11 15:33:06,501 - INFO - Setting up Chrome WebDriver...
2025-08-11 15:33:07,372 - INFO - Downloading chromedriver (138.0.7204.183)...
2025-08-11 15:33:08,396 - INFO - ChromeDriver installed at: /Users/lucasawad/Coding Master/ANGELES_INVESTORS/Linkedin Commentor/li-bot-env/lib/python3.9/site-packages/chromedriver_autoinstaller/138/chromedriver
2025-08-11 15:33:08,397 - INFO - Using temporary profile directory: /var/folders/3g/yltv2s9j5xbc2scbfb0d4b3h0000gn/T/tmp7bqpfbjc
2025-08-11 15:33:10,204 - INFO - Chrome WebDriver setup completed successfully
2025-08-11 15:33:10,204 - INFO - Navigating to X login page...
2025-08-11 15:33:11,318 - INFO - X login page loaded
2025-08-11 15:33:11,318 - INFO - ============================================================
2025-08-11 15:33:11,318 - INFO - MANUAL LOGIN REQUIRED
2025-08-11 15:33:11,318 - INFO - Please complete the login process in the browser window:
2025-08-11 15:33:11,318 - INFO - 1. Enter your X (Twitter) credentials
2025-08-11 15:33:11,319 - INFO - 2. Complete any MFA/2FA if prompted
2025-08-11 15:33:11,319 - INFO - 3. Wait until you see your X home feed
2025-08-11 15:33:11,319 - INFO - 4. Then press ENTER in this terminal to continue
2025-08-11 15:33:11,319 - INFO - ============================================================
2025-08-11 15:34:39,901 - INFO - Confirming login status...
2025-08-11 15:34:39,913 - INFO - Login confirmed via element: [data-testid='SideNav_AccountSwitcher_Button']
2025-08-11 15:34:39,913 - INFO - Loading Excel spreadsheet: 5postsX.xlsx
2025-08-11 15:34:39,994 - INFO - Excel file loaded with columns: ['PostText', 'postUrl', 'profileUrl', 'timestamp', 'conversationId', 'postId', 'media', 'media2', 'media 3 ', 'author', 'Generated comment ']
2025-08-11 15:34:39,994 - INFO - Total rows in Excel: 7
2025-08-11 15:34:39,994 - ERROR - Fatal error: Missing required columns: {'URL', 'generated_comment'}
2025-08-11 15:34:40,112 - INFO - Browser closed successfully
