2025-08-11 15:42:32,512 - INFO - X Commenter Bot (Adaptive Columns) initialized. Log file: logs/x_commenter_20250811_154232.log
2025-08-11 15:42:32,512 - INFO - Setting up Chrome WebDriver...
2025-08-11 15:42:33,028 - INFO - Chromedriver is already installed.
2025-08-11 15:42:33,029 - INFO - ChromeDriver installed at: /Users/lucasawad/Coding Master/ANGELES_INVESTORS/Linkedin Commentor/li-bot-env/lib/python3.9/site-packages/chromedriver_autoinstaller/138/chromedriver
2025-08-11 15:42:33,029 - INFO - Using temporary profile directory: /var/folders/3g/yltv2s9j5xbc2scbfb0d4b3h0000gn/T/tmpnbgs46vf
2025-08-11 15:42:34,163 - INFO - Chrome WebDriver setup completed successfully
2025-08-11 15:42:34,164 - INFO - Navigating to X login page...
2025-08-11 15:42:35,320 - INFO - X login page loaded
2025-08-11 15:42:35,321 - INFO - ============================================================
2025-08-11 15:42:35,321 - INFO - MANUAL LOGIN REQUIRED
2025-08-11 15:42:35,321 - INFO - Complete login in the Chrome window, then return here and press ENTER.
2025-08-11 15:42:35,321 - INFO - ============================================================
2025-08-11 15:42:56,721 - INFO - Confirming login status...
2025-08-11 15:42:56,731 - INFO - Login confirmed via element: [data-testid='SideNav_AccountSwitcher_Button']
2025-08-11 15:42:56,731 - INFO - Loading Excel spreadsheet: 5postsX.xlsx
2025-08-11 15:42:56,813 - INFO - Excel file loaded with columns: ['PostText', 'postUrl', 'profileUrl', 'timestamp', 'conversationId', 'postId', 'media', 'media2', 'media 3 ', 'author', 'Generated comment ']
2025-08-11 15:42:56,813 - INFO - Normalized headers: ['posttext', 'posturl', 'profileurl', 'timestamp', 'conversationid', 'postid', 'media', 'media2', 'media_3', 'author', 'generated_comment']
2025-08-11 15:42:56,813 - INFO - Detected URL column: postUrl
2025-08-11 15:42:56,813 - INFO - Detected comment column: Generated comment 
2025-08-11 15:42:56,818 - INFO - After cleaning empty rows: 7 -> 7
2025-08-11 15:42:56,819 - INFO - Created 'Commented (Y/N)' column (was missing).
2025-08-11 15:42:56,819 - INFO - Rows already commented (Y): 0
2025-08-11 15:42:56,819 - INFO - Final count - 7 rows will be processed
2025-08-11 15:42:56,819 - INFO - Sample data preview (rows to be processed):
2025-08-11 15:42:56,819 - INFO -   Row 0: URL=https://x.com/dolivencia/status/1952467276776583303...
2025-08-11 15:42:56,819 - INFO -   Row 0: Comment=Network for success!...
2025-08-11 15:42:56,819 - INFO -   Row 0: Author=CEO and GP, Angeles Investors & Ventures. Fortune 100 Technology Executive; Author; Speaker; Exponential Leader. Love the #USA. Opinions here are mine.
2025-08-11 15:42:56,819 - INFO -   Row 1: URL=https://x.com/dolivencia/status/1954236987210416314...
2025-08-11 15:42:56,819 - INFO -   Row 1: Comment=Networking drives success....
2025-08-11 15:42:56,819 - INFO -   Row 1: Author=CEO and GP, Angeles Investors & Ventures. Fortune 100 Technology Executive; Author; Speaker; Exponential Leader. Love the #USA. Opinions here are mine.
2025-08-11 15:42:56,819 - INFO -   Row 2: URL=https://x.com/dolivencia/status/1953874347749191840...
2025-08-11 15:42:56,819 - INFO -   Row 2: Comment=Connecting fosters growth!...
2025-08-11 15:42:56,819 - INFO -   Row 2: Author=CEO and GP, Angeles Investors & Ventures. Fortune 100 Technology Executive; Author; Speaker; Exponential Leader. Love the #USA. Opinions here are mine.
2025-08-11 15:42:56,819 - INFO - Starting to process 7 uncommented posts...
2025-08-11 15:42:56,820 - INFO - Processing post 1/7
2025-08-11 15:42:56,820 - INFO -   Row Index: 0
2025-08-11 15:42:56,820 - INFO -   Author: CEO and GP, Angeles Investors & Ventures. Fortune 100 Technology Executive; Author; Speaker; Exponential Leader. Love the #USA. Opinions here are mine.
2025-08-11 15:42:56,820 - INFO -   Content: NetWORKing has transformed my life, opening doors, shaping careers, and fueling exponential growth a...
2025-08-11 15:42:56,820 - INFO -   URL: https://x.com/dolivencia/status/1952467276776583303
2025-08-11 15:43:00,925 - INFO - Attempting to post comment: Network for success!...
2025-08-11 15:43:00,949 - INFO - Found reply button with selector: [data-testid='reply']
2025-08-11 15:43:01,959 - INFO - Clicking reply button...
2025-08-11 15:43:04,105 - INFO - Found compose area with selector: [data-testid='tweetTextarea_0']
2025-08-11 15:43:04,106 - INFO - Clicking on compose area...
2025-08-11 15:43:05,147 - INFO - Inputting comment text...
2025-08-11 15:43:05,374 - INFO - Comment text entered successfully using send_keys
2025-08-11 15:43:05,374 - INFO - Waiting for Post/Reply button to become enabled...
2025-08-11 15:43:07,400 - INFO - Found enabled post button with selector: [data-testid='tweetButton']
2025-08-11 15:43:08,407 - INFO - Clicking Post/Reply button...
2025-08-11 15:43:08,470 - INFO - Waiting for comment to be posted...
2025-08-11 15:43:13,489 - INFO - Comment posting verified via: [data-testid='tweet']
2025-08-11 15:43:13,489 - INFO - Comment posting process completed successfully
2025-08-11 15:43:13,489 - INFO - ✓ Post 1: Comment posted successfully
2025-08-11 15:43:13,554 - INFO - ✓ Updated Excel file: Row 0 marked as 'Y'
2025-08-11 15:43:13,554 - INFO - Waiting 3.1 seconds before next post...
2025-08-11 15:43:16,651 - INFO - Processing post 2/7
2025-08-11 15:43:16,652 - INFO -   Row Index: 1
2025-08-11 15:43:16,652 - INFO -   Author: CEO and GP, Angeles Investors & Ventures. Fortune 100 Technology Executive; Author; Speaker; Exponential Leader. Love the #USA. Opinions here are mine.
2025-08-11 15:43:16,653 - INFO -   Content: "Success isn't just about what you know—it's about who knows you."
— Unknown...
2025-08-11 15:43:16,653 - INFO -   URL: https://x.com/dolivencia/status/1954236987210416314
2025-08-11 15:43:19,887 - INFO - Attempting to post comment: Networking drives success....
2025-08-11 15:43:19,915 - INFO - Found reply button with selector: [data-testid='reply']
2025-08-11 15:43:20,924 - INFO - Clicking reply button...
2025-08-11 15:43:23,068 - INFO - Found compose area with selector: [data-testid='tweetTextarea_0']
2025-08-11 15:43:23,069 - INFO - Clicking on compose area...
2025-08-11 15:43:24,107 - INFO - Inputting comment text...
2025-08-11 15:43:24,307 - INFO - Comment text entered successfully using send_keys
2025-08-11 15:43:24,308 - INFO - Waiting for Post/Reply button to become enabled...
2025-08-11 15:43:26,334 - INFO - Found enabled post button with selector: [data-testid='tweetButton']
2025-08-11 15:43:27,342 - INFO - Clicking Post/Reply button...
2025-08-11 15:43:27,401 - INFO - Waiting for comment to be posted...
2025-08-11 15:43:32,412 - INFO - Comment posting verified via: [data-testid='tweet']
2025-08-11 15:43:32,413 - INFO - Comment posting process completed successfully
2025-08-11 15:43:32,413 - INFO - ✓ Post 2: Comment posted successfully
2025-08-11 15:43:32,478 - INFO - ✓ Updated Excel file: Row 1 marked as 'Y'
2025-08-11 15:43:32,478 - INFO - Waiting 3.0 seconds before next post...
2025-08-11 15:43:35,444 - INFO - Processing post 3/7
2025-08-11 15:43:35,444 - INFO -   Row Index: 2
2025-08-11 15:43:35,444 - INFO -   Author: CEO and GP, Angeles Investors & Ventures. Fortune 100 Technology Executive; Author; Speaker; Exponential Leader. Love the #USA. Opinions here are mine.
2025-08-11 15:43:35,444 - INFO -   Content: "Networking is not about just connecting people. It's about connecting people with people, people wi...
2025-08-11 15:43:35,444 - INFO -   URL: https://x.com/dolivencia/status/1953874347749191840
2025-08-11 15:43:38,647 - INFO - Attempting to post comment: Connecting fosters growth!...
2025-08-11 15:43:38,659 - INFO - Found reply button with selector: [data-testid='reply']
2025-08-11 15:43:39,666 - INFO - Clicking reply button...
2025-08-11 15:43:41,820 - INFO - Found compose area with selector: [data-testid='tweetTextarea_0']
2025-08-11 15:43:41,820 - INFO - Clicking on compose area...
2025-08-11 15:43:42,858 - INFO - Inputting comment text...
2025-08-11 15:43:43,045 - INFO - Comment text entered successfully using send_keys
2025-08-11 15:43:43,045 - INFO - Waiting for Post/Reply button to become enabled...
2025-08-11 15:43:45,076 - INFO - Found enabled post button with selector: [data-testid='tweetButton']
2025-08-11 15:43:46,081 - INFO - Clicking Post/Reply button...
2025-08-11 15:43:46,140 - INFO - Waiting for comment to be posted...
2025-08-11 15:43:51,157 - INFO - Comment posting verified via: [data-testid='tweet']
2025-08-11 15:43:51,157 - INFO - Comment posting process completed successfully
2025-08-11 15:43:51,157 - INFO - ✓ Post 3: Comment posted successfully
2025-08-11 15:43:51,223 - INFO - ✓ Updated Excel file: Row 2 marked as 'Y'
2025-08-11 15:43:51,223 - INFO - Waiting 3.3 seconds before next post...
2025-08-11 15:43:54,576 - INFO - Processing post 4/7
2025-08-11 15:43:54,577 - INFO -   Row Index: 3
2025-08-11 15:43:54,577 - INFO -   Author: Digital Executive
2025-08-11 15:43:54,577 - INFO -   Content: #KnightLive We hear about wanting to do all these great things about digital however a constant is t...
2025-08-11 15:43:54,577 - INFO -   URL: https://x.com/amainetto/status/1412908156766806017
2025-08-11 15:43:57,798 - INFO - Attempting to post comment: Tech funding is crucial!...
2025-08-11 15:43:57,816 - INFO - Found reply button with selector: [data-testid='reply']
2025-08-11 15:43:58,824 - INFO - Clicking reply button...
2025-08-11 15:44:00,984 - INFO - Found compose area with selector: [data-testid='tweetTextarea_0']
2025-08-11 15:44:00,985 - INFO - Clicking on compose area...
2025-08-11 15:44:02,025 - INFO - Inputting comment text...
2025-08-11 15:44:02,208 - INFO - Comment text entered successfully using send_keys
2025-08-11 15:44:02,208 - INFO - Waiting for Post/Reply button to become enabled...
2025-08-11 15:44:04,228 - INFO - Found enabled post button with selector: [data-testid='tweetButton']
2025-08-11 15:44:05,236 - INFO - Clicking Post/Reply button...
2025-08-11 15:44:05,295 - INFO - Waiting for comment to be posted...
2025-08-11 15:44:10,313 - INFO - Comment posting verified via: [data-testid='tweet']
2025-08-11 15:44:10,314 - INFO - Comment posting process completed successfully
2025-08-11 15:44:10,314 - INFO - ✓ Post 4: Comment posted successfully
2025-08-11 15:44:10,383 - INFO - ✓ Updated Excel file: Row 3 marked as 'Y'
2025-08-11 15:44:10,383 - INFO - Waiting 3.3 seconds before next post...
2025-08-11 15:44:13,677 - INFO - Processing post 5/7
2025-08-11 15:44:13,677 - INFO -   Row Index: 4
2025-08-11 15:44:13,677 - INFO -   Author: Digital Executive
2025-08-11 15:44:13,678 - INFO -   Content: #uber no logical explanation why for the same ride you would charge $80 and lyft would charge $30 - ...
2025-08-11 15:44:13,678 - INFO -   URL: https://x.com/amainetto/status/1070911759010201600
2025-08-11 15:44:16,897 - INFO - Attempting to post comment: Pricing inconsistencies hurt loyalty....
2025-08-11 15:44:16,925 - INFO - Found reply button with selector: [data-testid='reply']
2025-08-11 15:44:17,934 - INFO - Clicking reply button...
2025-08-11 15:44:20,078 - INFO - Found compose area with selector: [data-testid='tweetTextarea_0']
2025-08-11 15:44:20,078 - INFO - Clicking on compose area...
2025-08-11 15:44:21,122 - INFO - Inputting comment text...
2025-08-11 15:44:21,372 - INFO - Comment text entered successfully using send_keys
2025-08-11 15:44:21,372 - INFO - Waiting for Post/Reply button to become enabled...
2025-08-11 15:44:23,397 - INFO - Found enabled post button with selector: [data-testid='tweetButton']
2025-08-11 15:44:24,404 - INFO - Clicking Post/Reply button...
2025-08-11 15:44:24,465 - INFO - Waiting for comment to be posted...
2025-08-11 15:44:29,479 - INFO - Comment posting verified via: [data-testid='tweet']
2025-08-11 15:44:29,480 - INFO - Comment posting process completed successfully
2025-08-11 15:44:29,480 - INFO - ✓ Post 5: Comment posted successfully
2025-08-11 15:44:29,546 - INFO - ✓ Updated Excel file: Row 4 marked as 'Y'
2025-08-11 15:44:29,546 - INFO - Waiting 2.9 seconds before next post...
2025-08-11 15:44:32,427 - INFO - Processing post 6/7
2025-08-11 15:44:32,428 - INFO -   Row Index: 5
2025-08-11 15:44:32,428 - INFO -   Author: Founder/CEO Conectado, God, Wife, Family, Friends, and Technology are my Foundation Wife & Mom are my heroes!  Sports, Broncos, Golf and travel-my passions!
2025-08-11 15:44:32,428 - INFO -   Content: Our members make us so proud! We’re thrilled to celebrate our Angeles member, @ggdiazjr., recipient ...
2025-08-11 15:44:32,428 - INFO -   URL: https://x.com/ggdiazjr/status/1940885242862293328
2025-08-11 15:44:35,649 - INFO - Attempting to post comment: Congratulations on this recognition!...
2025-08-11 15:44:35,667 - INFO - Found reply button with selector: [data-testid='reply']
2025-08-11 15:44:36,679 - INFO - Clicking reply button...
2025-08-11 15:44:38,856 - INFO - Found compose area with selector: [data-testid='tweetTextarea_0']
2025-08-11 15:44:38,856 - INFO - Clicking on compose area...
2025-08-11 15:44:39,897 - INFO - Inputting comment text...
2025-08-11 15:44:40,144 - INFO - Comment text entered successfully using send_keys
2025-08-11 15:44:40,144 - INFO - Waiting for Post/Reply button to become enabled...
2025-08-11 15:44:42,175 - INFO - Found enabled post button with selector: [data-testid='tweetButton']
2025-08-11 15:44:43,179 - INFO - Clicking Post/Reply button...
2025-08-11 15:44:43,235 - INFO - Waiting for comment to be posted...
2025-08-11 15:44:48,251 - INFO - Comment posting verified via: [data-testid='tweet']
2025-08-11 15:44:48,251 - INFO - Comment posting process completed successfully
2025-08-11 15:44:48,251 - INFO - ✓ Post 6: Comment posted successfully
2025-08-11 15:44:48,317 - INFO - ✓ Updated Excel file: Row 5 marked as 'Y'
2025-08-11 15:44:48,317 - INFO - Waiting 3.1 seconds before next post...
2025-08-11 15:44:51,416 - INFO - Processing post 7/7
2025-08-11 15:44:51,417 - INFO -   Row Index: 6
2025-08-11 15:44:51,417 - INFO -   Author: Founder/CEO Conectado, God, Wife, Family, Friends, and Technology are my Foundation Wife & Mom are my heroes!  Sports, Broncos, Golf and travel-my passions!
2025-08-11 15:44:51,417 - INFO -   Content: I trained for four years to run for only nine seconds. There are people who, because they do not see...
2025-08-11 15:44:51,418 - INFO -   URL: https://x.com/ggdiazjr/status/1940423507328065809
2025-08-11 15:44:54,671 - INFO - Attempting to post comment: Success takes time!...
2025-08-11 15:44:54,683 - INFO - Found reply button with selector: [data-testid='reply']
2025-08-11 15:44:55,691 - INFO - Clicking reply button...
2025-08-11 15:44:57,857 - INFO - Found compose area with selector: [data-testid='tweetTextarea_0']
2025-08-11 15:44:57,857 - INFO - Clicking on compose area...
2025-08-11 15:44:58,898 - INFO - Inputting comment text...
2025-08-11 15:44:59,060 - INFO - Comment text entered successfully using send_keys
2025-08-11 15:44:59,060 - INFO - Waiting for Post/Reply button to become enabled...
2025-08-11 15:45:01,106 - INFO - Found enabled post button with selector: [data-testid='tweetButton']
2025-08-11 15:45:02,129 - INFO - Clicking Post/Reply button...
2025-08-11 15:45:02,217 - INFO - Waiting for comment to be posted...
2025-08-11 15:45:07,228 - INFO - Comment posting verified via: [data-testid='tweet']
2025-08-11 15:45:07,229 - INFO - Comment posting process completed successfully
2025-08-11 15:45:07,229 - INFO - ✓ Post 7: Comment posted successfully
2025-08-11 15:45:07,305 - INFO - ✓ Updated Excel file: Row 6 marked as 'Y'
2025-08-11 15:45:07,305 - INFO - Finished processing all posts
2025-08-11 15:45:07,305 - INFO - 
X (Twitter) Commenter Bot - Session Summary (Adaptive Columns)
====================================================================
Total posts processed: 7
Comments posted successfully: 7
Failed attempts: 0
Success rate: 100.0%

Excel file updated: 5postsX.xlsx
Session completed at: 2025-08-11 15:45:07

Note: Posts already marked as 'Y' were automatically skipped.

2025-08-11 15:45:07,309 - INFO - Results saved to: x_results_20250811_154507.csv
2025-08-11 15:45:07,456 - INFO - Browser closed successfully
